<?xml version="1.0" encoding="UTF-8"?>
<!-- Generated by org.testng.reporters.JUnitReportReporter -->
<testsuite skipped="0" hostname="IBM-Testing01" name="paralleltestngpackage.ParallelDemo" tests="3" failures="0" timestamp="06 Mar 2020 03:14:05 GMT" time="72.953" errors="0">
  <testcase name="demowebshoplogin" time="22.767" classname="paralleltestngpackage.ParallelDemo"/>
  <testcase name="demowebshoplogin2" time="23.118" classname="paralleltestngpackage.ParallelDemo"/>
  <testcase name="orangelogin" time="27.068" classname="paralleltestngpackage.ParallelDemo"/>
</testsuite> <!-- paralleltestngpackage.ParallelDemo -->
