<?xml version="1.0" encoding="UTF-8"?>
<!-- Generated by org.testng.reporters.JUnitReportReporter -->
<testsuite skipped="0" hostname="IBM-Testing01" name="TestNGPackage.FirstDemoWebShop" tests="4" failures="0" timestamp="04 Mar 2020 04:22:32 GMT" time="24.897" errors="0">
  <testcase name="startapp" time="15.615" classname="TestNGPackage.FirstDemoWebShop"/>
  <testcase name="checktitle" time="0.012" classname="TestNGPackage.FirstDemoWebShop"/>
  <testcase name="loginapp" time="3.014" classname="TestNGPackage.FirstDemoWebShop"/>
  <testcase name="signoff" time="6.256" classname="TestNGPackage.FirstDemoWebShop"/>
</testsuite> <!-- TestNGPackage.FirstDemoWebShop -->
