<?xml version="1.0" encoding="UTF-8"?>
<!-- Generated by org.testng.reporters.JUnitReportReporter -->
<testsuite skipped="0" hostname="IBM-Testing01" name="paralleltestngpackage.ParallelDemo2" tests="2" failures="0" timestamp="06 Mar 2020 03:14:05 GMT" time="0.060" errors="0">
  <testcase name="testr3" time="0.031" classname="paralleltestngpackage.ParallelDemo2"/>
  <testcase name="testr2" time="0.029" classname="paralleltestngpackage.ParallelDemo2"/>
</testsuite> <!-- paralleltestngpackage.ParallelDemo2 -->
