<?xml version="1.0" encoding="UTF-8"?>
<!-- Generated by org.testng.reporters.JUnitReportReporter -->
<testsuite skipped="0" hostname="IBM-Testing01" name="TestNGPackage.DependenciesDemo" tests="1" failures="0" timestamp="04 Mar 2020 11:13:32 GMT" time="11.719" errors="0">
  <testcase name="startapp" time="11.719" classname="TestNGPackage.DependenciesDemo"/>
</testsuite> <!-- TestNGPackage.DependenciesDemo -->
