<?xml version="1.0" encoding="UTF-8"?>
<!-- Generated by org.testng.reporters.JUnitReportReporter -->
<testsuite skipped="0" hostname="IBM-Testing01" name="TestNGPackage.TestNGDemo" tests="1" failures="0" timestamp="03 Mar 2020 10:54:15 GMT" time="0.000" errors="0">
  <testcase name="verifyURL" time="0.000" classname="TestNGPackage.TestNGDemo"/>
</testsuite> <!-- TestNGPackage.TestNGDemo -->
