<?xml version="1.0" encoding="UTF-8"?>
<!-- Generated by org.testng.reporters.JUnitReportReporter -->
<testsuite skipped="0" hostname="IBM-Testing01" name="TestNGPackage.TestNGAnnotationsDemo" tests="1" failures="0" timestamp="03 Mar 2020 11:03:50 GMT" time="0.011" errors="0">
  <testcase name="verifyURL" time="0.011" classname="TestNGPackage.TestNGAnnotationsDemo"/>
</testsuite> <!-- TestNGPackage.TestNGAnnotationsDemo -->
