<?xml version="1.0" encoding="UTF-8"?>
<!-- Generated by org.testng.reporters.JUnitReportReporter -->
<testsuite skipped="0" hostname="IBM-Testing01" name="paralleltestngpackage.Test2" tests="4" failures="0" timestamp="05 Mar 2020 06:45:07 GMT" time="0.049" errors="0">
  <testcase name="testr4" time="0.000" classname="paralleltestngpackage.Test2"/>
  <testcase name="test4" time="0.034" classname="paralleltestngpackage.Test2"/>
  <testcase name="testr2" time="0.000" classname="paralleltestngpackage.Test2"/>
  <testcase name="testr3" time="0.015" classname="paralleltestngpackage.Test2"/>
</testsuite> <!-- paralleltestngpackage.Test2 -->
