<?xml version="1.0" encoding="UTF-8"?>
<!-- Generated by org.testng.reporters.JUnitReportReporter -->
<testsuite skipped="0" hostname="IBM-Testing01" name="groupspackage.Test2" tests="4" failures="0" timestamp="04 Mar 2020 09:13:57 GMT" time="0.000" errors="0">
  <testcase name="testr3" time="0.000" classname="groupspackage.Test2"/>
  <testcase name="testr4" time="0.000" classname="groupspackage.Test2"/>
  <testcase name="test4" time="0.000" classname="groupspackage.Test2"/>
  <testcase name="testr2" time="0.000" classname="groupspackage.Test2"/>
</testsuite> <!-- groupspackage.Test2 -->
