<?xml version="1.0" encoding="UTF-8"?>
<!-- Generated by org.testng.reporters.JUnitReportReporter -->
<testsuite skipped="0" hostname="IBM-Testing01" name="groupspackage.Groupsdemo" tests="4" failures="0" timestamp="04 Mar 2020 09:13:57 GMT" time="0.019" errors="0">
  <testcase name="test3" time="0.000" classname="groupspackage.Groupsdemo"/>
  <testcase name="test1" time="0.019" classname="groupspackage.Groupsdemo"/>
  <testcase name="testr1" time="0.000" classname="groupspackage.Groupsdemo"/>
  <testcase name="test2" time="0.000" classname="groupspackage.Groupsdemo"/>
</testsuite> <!-- groupspackage.Groupsdemo -->
