<?xml version="1.0" encoding="UTF-8"?>
<!-- Generated by org.testng.reporters.JUnitReportReporter -->
<testsuite skipped="0" hostname="IBM-Testing01" name="paralleltestngpackage.Groupsdemo" tests="4" failures="0" timestamp="05 Mar 2020 06:45:39 GMT" time="0.103" errors="0">
  <testcase name="test3" time="0.029" classname="paralleltestngpackage.Groupsdemo"/>
  <testcase name="test2" time="0.029" classname="paralleltestngpackage.Groupsdemo"/>
  <testcase name="test1" time="0.029" classname="paralleltestngpackage.Groupsdemo"/>
  <testcase name="testr1" time="0.016" classname="paralleltestngpackage.Groupsdemo"/>
</testsuite> <!-- paralleltestngpackage.Groupsdemo -->
