<?xml version="1.0" encoding="UTF-8"?>
<!-- Generated by org.testng.reporters.JUnitReportReporter -->
<testsuite skipped="0" hostname="IBM-Testing01" name="TestNGPackage.DataProviderDemo" tests="2" failures="0" timestamp="04 Mar 2020 06:47:45 GMT" time="15.186" errors="0">
  <testcase name="f" time="12.603" classname="TestNGPackage.DataProviderDemo"/>
  <testcase name="f" time="2.583" classname="TestNGPackage.DataProviderDemo"/>
</testsuite> <!-- TestNGPackage.DataProviderDemo -->
